<?xml version="1.0" encoding="UTF-8"?>
<testsuites name="GutTests" failures="1" tests="68" >
  <testsuite name="tests/unit/test_clickable.gd" tests="13" failures="0" skipped="0" time="0.009123" >
      <testcase name="test_click_config_initialization" assertions="7" status="pass" classname="tests/unit/test_clickable.gd" time="0.000286" >
      </testcase>
      <testcase name="test_click_config_custom_initialization" assertions="7" status="pass" classname="tests/unit/test_clickable.gd" time="0.000318" >
      </testcase>
      <testcase name="test_static_config_constants" assertions="12" status="pass" classname="tests/unit/test_clickable.gd" time="0.000295" >
      </testcase>
      <testcase name="test_is_clicked_at_within_radius" assertions="1" status="pass" classname="tests/unit/test_clickable.gd" time="0.0001" >
      </testcase>
      <testcase name="test_is_clicked_at_outside_radius" assertions="1" status="pass" classname="tests/unit/test_clickable.gd" time="0.000185" >
      </testcase>
      <testcase name="test_is_clicked_at_exact_radius" assertions="1" status="pass" classname="tests/unit/test_clickable.gd" time="0.000179" >
      </testcase>
      <testcase name="test_is_clicked_at_same_position" assertions="1" status="pass" classname="tests/unit/test_clickable.gd" time="0.000117" >
      </testcase>
      <testcase name="test_handle_click_damage_with_valid_entity" assertions="2" status="pass" classname="tests/unit/test_clickable.gd" time="0.002256" >
      </testcase>
      <testcase name="test_handle_click_damage_with_dead_entity" assertions="2" status="pass" classname="tests/unit/test_clickable.gd" time="0.000187" >
      </testcase>
      <testcase name="test_handle_click_damage_without_take_damage_method" assertions="1" status="pass" classname="tests/unit/test_clickable.gd" time="0.00104" >
      </testcase>
      <testcase name="test_create_click_feedback" assertions="3" status="pass" classname="tests/unit/test_clickable.gd" time="0.002948" >
      </testcase>
      <testcase name="test_different_config_damage_values" assertions="2" status="pass" classname="tests/unit/test_clickable.gd" time="0.001032" >
      </testcase>
      <testcase name="test_different_config_radius_values" assertions="2" status="pass" classname="tests/unit/test_clickable.gd" time="0.00018" >
      </testcase>
      </testsuite>
  <testsuite name="tests/unit/test_coverage_debug.gd" tests="1" failures="0" skipped="0" time="0.003977" >
      <testcase name="test_coverage_debug" assertions="1" status="pass" classname="tests/unit/test_coverage_debug.gd" time="0.003977" >
      </testcase>
      </testsuite>
  <testsuite name="tests/unit/test_game_manager.gd" tests="21" failures="1" skipped="0" time="0.008648" >
      <testcase name="test_initial_state" assertions="4" status="pass" classname="tests/unit/test_game_manager.gd" time="0.000378" >
      </testcase>
      <testcase name="test_victory_type_defaults" assertions="1" status="pass" classname="tests/unit/test_game_manager.gd" time="0.000246" >
      </testcase>
      <testcase name="test_initialize_sets_references" assertions="3" status="pass" classname="tests/unit/test_game_manager.gd" time="0.000722" >
      </testcase>
      <testcase name="test_ready_initializes_timer" assertions="1" status="fail" classname="tests/unit/test_game_manager.gd" time="0.000534" >
      <failure message="failed"><![CDATA[[1381] expected to be > than [1381]:  Timer should be initialized in _ready()
            at line -1]]></failure></testcase>
      <testcase name="test_get_session_time" assertions="2" status="pass" classname="tests/unit/test_game_manager.gd" time="0.00024" >
      </testcase>
      <testcase name="test_format_time" assertions="3" status="pass" classname="tests/unit/test_game_manager.gd" time="0.000272" >
      </testcase>
      <testcase name="test_on_enemy_died" assertions="1" status="pass" classname="tests/unit/test_game_manager.gd" time="0.000666" >
      </testcase>
      <testcase name="test_on_enemy_reached_end" assertions="1" status="pass" classname="tests/unit/test_game_manager.gd" time="0.000365" >
      </testcase>
      <testcase name="test_trigger_game_over" assertions="2" status="pass" classname="tests/unit/test_game_manager.gd" time="0.000575" >
      </testcase>
      <testcase name="test_trigger_game_won" assertions="3" status="pass" classname="tests/unit/test_game_manager.gd" time="0.000604" >
      </testcase>
      <testcase name="test_trigger_game_won_packet" assertions="3" status="pass" classname="tests/unit/test_game_manager.gd" time="0.000475" >
      </testcase>
      <testcase name="test_get_victory_data" assertions="4" status="pass" classname="tests/unit/test_game_manager.gd" time="0.000303" >
      </testcase>
      <testcase name="test_get_game_over_data" assertions="4" status="pass" classname="tests/unit/test_game_manager.gd" time="0.000391" >
      </testcase>
      <testcase name="test_get_info_label_text" assertions="4" status="pass" classname="tests/unit/test_game_manager.gd" time="0.000253" >
      </testcase>
      <testcase name="test_is_game_over" assertions="3" status="pass" classname="tests/unit/test_game_manager.gd" time="0.000159" >
      </testcase>
      <testcase name="test_getters" assertions="2" status="pass" classname="tests/unit/test_game_manager.gd" time="0.000169" >
      </testcase>
      <testcase name="test_health_below_zero_prevention" assertions="1" status="pass" classname="tests/unit/test_game_manager.gd" time="0.000654" >
      </testcase>
      <testcase name="test_game_over_when_health_zero" assertions="1" status="pass" classname="tests/unit/test_game_manager.gd" time="0.000616" >
      </testcase>
      <testcase name="test_duplicate_game_over_prevention" assertions="1" status="pass" classname="tests/unit/test_game_manager.gd" time="0.000405" >
      </testcase>
      <testcase name="test_wave_countdown_handling" assertions="2" status="pass" classname="tests/unit/test_game_manager.gd" time="0.000197" >
      </testcase>
      <testcase name="test_signal_connections" assertions="2" status="pass" classname="tests/unit/test_game_manager.gd" time="0.000424" >
      </testcase>
      </testsuite>
  <testsuite name="tests/unit/test_tower_manager.gd" tests="24" failures="0" skipped="0" time="0.012341" >
      <testcase name="test_tower_type_constants" assertions="2" status="pass" classname="tests/unit/test_tower_manager.gd" time="0.000534" >
      </testcase>
      <testcase name="test_initialize_sets_references" assertions="3" status="pass" classname="tests/unit/test_tower_manager.gd" time="0.000469" >
      </testcase>
      <testcase name="test_towers_placed_array_initialization" assertions="2" status="pass" classname="tests/unit/test_tower_manager.gd" time="0.000267" >
      </testcase>
      <testcase name="test_attempt_placement_without_managers" assertions="1" status="pass" classname="tests/unit/test_tower_manager.gd" time="0.000448" >
      </testcase>
      <testcase name="test_preloaded_scenes" assertions="2" status="pass" classname="tests/unit/test_tower_manager.gd" time="0.000325" >
      </testcase>
      <testcase name="test_get_towers" assertions="2" status="pass" classname="tests/unit/test_tower_manager.gd" time="0.000306" >
      </testcase>
      <testcase name="test_get_tower_count" assertions="1" status="pass" classname="tests/unit/test_tower_manager.gd" time="0.00032" >
      </testcase>
      <testcase name="test_get_tower_count_by_type" assertions="2" status="pass" classname="tests/unit/test_tower_manager.gd" time="0.000302" >
      </testcase>
      <testcase name="test_get_total_power_level" assertions="1" status="pass" classname="tests/unit/test_tower_manager.gd" time="0.000274" >
      </testcase>
      <testcase name="test_get_enemies_for_towers" assertions="2" status="pass" classname="tests/unit/test_tower_manager.gd" time="0.000283" >
      </testcase>
      <testcase name="test_stop_all_towers" assertions="1" status="pass" classname="tests/unit/test_tower_manager.gd" time="0.000178" >
      </testcase>
      <testcase name="test_cleanup_all_towers" assertions="1" status="pass" classname="tests/unit/test_tower_manager.gd" time="0.000357" >
      </testcase>
      <testcase name="test_attempt_basic_tower_placement" assertions="1" status="pass" classname="tests/unit/test_tower_manager.gd" time="0.000632" >
      </testcase>
      <testcase name="test_attempt_tower_placement_with_type" assertions="2" status="pass" classname="tests/unit/test_tower_manager.gd" time="0.000869" >
      </testcase>
      <testcase name="test_signal_emission_on_failure" assertions="1" status="pass" classname="tests/unit/test_tower_manager.gd" time="0.001213" >
      </testcase>
      <testcase name="test_remove_tower" assertions="1" status="pass" classname="tests/unit/test_tower_manager.gd" time="0.00034" >
      </testcase>
      <testcase name="test_place_tower_with_invalid_type" assertions="1" status="pass" classname="tests/unit/test_tower_manager.gd" time="0.000326" >
      </testcase>
      <testcase name="test_place_tower_basic" assertions="1" status="pass" classname="tests/unit/test_tower_manager.gd" time="0.000544" >
      </testcase>
      <testcase name="test_place_tower_powerful" assertions="1" status="pass" classname="tests/unit/test_tower_manager.gd" time="0.000614" >
      </testcase>
      <testcase name="test_validation_invalid_position" assertions="1" status="pass" classname="tests/unit/test_tower_manager.gd" time="0.000406" >
      </testcase>
      <testcase name="test_validation_occupied_position" assertions="1" status="pass" classname="tests/unit/test_tower_manager.gd" time="0.000652" >
      </testcase>
      <testcase name="test_validation_blocked_position" assertions="1" status="pass" classname="tests/unit/test_tower_manager.gd" time="0.000676" >
      </testcase>
      <testcase name="test_validation_on_enemy_path" assertions="1" status="pass" classname="tests/unit/test_tower_manager.gd" time="0.001372" >
      </testcase>
      <testcase name="test_actual_method_calls" assertions="5" status="pass" classname="tests/unit/test_tower_manager.gd" time="0.000634" >
      </testcase>
      </testsuite>
  <testsuite name="tests/integration/test_tower_placement.gd" tests="9" failures="0" skipped="0" time="0.007993" >
      <testcase name="test_tower_placement_integration" assertions="4" status="pass" classname="tests/integration/test_tower_placement.gd" time="0.000525" >
      </testcase>
      <testcase name="test_tower_placement_insufficient_funds" assertions="3" status="pass" classname="tests/integration/test_tower_placement.gd" time="0.000531" >
      </testcase>
      <testcase name="test_tower_placement_updates_grid" assertions="3" status="pass" classname="tests/integration/test_tower_placement.gd" time="0.000698" >
      </testcase>
      <testcase name="test_tower_placement_deducts_currency" assertions="3" status="pass" classname="tests/integration/test_tower_placement.gd" time="0.003086" >
      </testcase>
      <testcase name="test_multiple_tower_placement" assertions="3" status="pass" classname="tests/integration/test_tower_placement.gd" time="0.001342" >
      </testcase>
      <testcase name="test_tower_placement_edge_cases" assertions="3" status="pass" classname="tests/integration/test_tower_placement.gd" time="0.000305" >
      </testcase>
      <testcase name="test_signal_propagation" assertions="1" status="pass" classname="tests/integration/test_tower_placement.gd" time="0.000501" >
      </testcase>
      <testcase name="test_game_scenario_early_placement" assertions="5" status="pass" classname="tests/integration/test_tower_placement.gd" time="0.000539" >
      </testcase>
      <testcase name="test_game_scenario_mid_game_placement" assertions="4" status="pass" classname="tests/integration/test_tower_placement.gd" time="0.000466" >
      </testcase>
      </testsuite>
  </testsuites>